INFO:root:Face not found. Count: 2, Video: /data/DATASETS/FaceForensicsPP/manipulated_sequences/Deepfakes/c23/videos/135_880.mp4.
INFO:root:Face not found. Count: 10, Video: /data/DATASETS/FaceForensicsPP/manipulated_sequences/Deepfakes/c23/videos/569_921.mp4.
INFO:root:Face not found. Count: 1, Video: /data/DATASETS/FaceForensicsPP/manipulated_sequences/Deepfakes/c23/videos/740_796.mp4.
INFO:root:Face not found. Count: 1, Video: /data/DATASETS/FaceForensicsPP/manipulated_sequences/Deepfakes/c23/videos/932_384.mp4.
INFO:root:Face not found. Count: 1, Video: /data/DATASETS/FaceForensicsPP/manipulated_sequences/Deepfakes/c23/videos/175_159.mp4.
INFO:root:Face not found. Count: 1, Video: /data/DATASETS/FaceForensicsPP/manipulated_sequences/Deepfakes/c23/videos/829_808.mp4.
INFO:root:Face not found. Count: 40, Video: /data/DATASETS/FaceForensicsPP/manipulated_sequences/Deepfakes/c23/videos/638_640.mp4.
INFO:root:Face not found. Count: 8, Video: /data/DATASETS/FaceForensicsPP/manipulated_sequences/Deepfakes/c23/videos/365_307.mp4.
INFO:root:Face not found. Count: 8, Video: /data/DATASETS/FaceForensicsPP/manipulated_sequences/Deepfakes/c23/videos/851_552.mp4.
INFO:root:Face not found. Count: 2, Video: /data/DATASETS/FaceForensicsPP/manipulated_sequences/Deepfakes/c23/videos/511_472.mp4.
INFO:root:Face not found. Count: 2, Video: /data/DATASETS/FaceForensicsPP/manipulated_sequences/Deepfakes/c23/videos/704_723.mp4.
INFO:root:Face not found. Count: 2, Video: /data/DATASETS/FaceForensicsPP/manipulated_sequences/Deepfakes/c23/videos/169_227.mp4.
INFO:root:Face not found. Count: 1, Video: /data/DATASETS/FaceForensicsPP/manipulated_sequences/Deepfakes/c23/videos/629_618.mp4.
INFO:root:Face not found. Count: 4, Video: /data/DATASETS/FaceForensicsPP/manipulated_sequences/Deepfakes/c23/videos/509_525.mp4.
INFO:root:Face not found. Count: 2, Video: /data/DATASETS/FaceForensicsPP/manipulated_sequences/Deepfakes/c23/videos/020_344.mp4.
INFO:root:Face not found. Count: 11, Video: /data/DATASETS/FaceForensicsPP/manipulated_sequences/Deepfakes/c23/videos/805_011.mp4.
INFO:root:Face not found. Count: 8, Video: /data/DATASETS/FaceForensicsPP/manipulated_sequences/Deepfakes/c23/videos/324_356.mp4.
INFO:root:Face not found. Count: 2, Video: /data/DATASETS/FaceForensicsPP/manipulated_sequences/Deepfakes/c23/videos/128_896.mp4.
INFO:root:Face not found. Count: 5, Video: /data/DATASETS/FaceForensicsPP/manipulated_sequences/Deepfakes/c23/videos/513_305.mp4.
INFO:root:Face not found. Count: 3, Video: /data/DATASETS/FaceForensicsPP/manipulated_sequences/Deepfakes/c23/videos/894_848.mp4.
INFO:root:Face not found. Count: 2, Video: /data/DATASETS/FaceForensicsPP/manipulated_sequences/Face2Face/c23/videos/576_155.mp4.
INFO:root:Face not found. Count: 1, Video: /data/DATASETS/FaceForensicsPP/manipulated_sequences/Face2Face/c23/videos/175_159.mp4.
INFO:root:Face not found. Count: 8, Video: /data/DATASETS/FaceForensicsPP/manipulated_sequences/Face2Face/c23/videos/618_629.mp4.
INFO:root:Face not found. Count: 1, Video: /data/DATASETS/FaceForensicsPP/manipulated_sequences/Face2Face/c23/videos/359_317.mp4.
INFO:root:Face not found. Count: 1, Video: /data/DATASETS/FaceForensicsPP/manipulated_sequences/Face2Face/c23/videos/653_601.mp4.
INFO:root:Face not found. Count: 1, Video: /data/DATASETS/FaceForensicsPP/manipulated_sequences/Face2Face/c23/videos/629_618.mp4.
INFO:root:Face not found. Count: 1, Video: /data/DATASETS/FaceForensicsPP/manipulated_sequences/Face2Face/c23/videos/084_042.mp4.
INFO:root:Face not found. Count: 3, Video: /data/DATASETS/FaceForensicsPP/manipulated_sequences/Face2Face/c23/videos/509_525.mp4.
INFO:root:Face not found. Count: 3, Video: /data/DATASETS/FaceForensicsPP/manipulated_sequences/FaceShifter/c23/videos/679_665.mp4.
INFO:root:Face not found. Count: 2, Video: /data/DATASETS/FaceForensicsPP/manipulated_sequences/FaceShifter/c23/videos/559_543.mp4.
INFO:root:Face not found. Count: 2, Video: /data/DATASETS/FaceForensicsPP/manipulated_sequences/FaceShifter/c23/videos/359_317.mp4.
INFO:root:Face not found. Count: 1, Video: /data/DATASETS/FaceForensicsPP/manipulated_sequences/FaceShifter/c23/videos/629_618.mp4.
INFO:root:Face not found. Count: 3, Video: /data/DATASETS/FaceForensicsPP/manipulated_sequences/FaceShifter/c23/videos/105_180.mp4.
INFO:root:Face not found. Count: 3, Video: /data/DATASETS/FaceForensicsPP/manipulated_sequences/FaceShifter/c23/videos/509_525.mp4.
INFO:root:Face not found. Count: 1, Video: /data/DATASETS/FaceForensicsPP/manipulated_sequences/FaceShifter/c23/videos/128_896.mp4.
INFO:root:Face not found. Count: 1, Video: /data/DATASETS/FaceForensicsPP/manipulated_sequences/FaceSwap/c23/videos/131_518.mp4.
INFO:root:Face not found. Count: 2, Video: /data/DATASETS/FaceForensicsPP/manipulated_sequences/FaceSwap/c23/videos/944_032.mp4.
INFO:root:Face not found. Count: 1, Video: /data/DATASETS/FaceForensicsPP/manipulated_sequences/FaceSwap/c23/videos/347_314.mp4.
INFO:root:Face not found. Count: 1, Video: /data/DATASETS/FaceForensicsPP/manipulated_sequences/FaceSwap/c23/videos/629_618.mp4.
INFO:root:Face not found. Count: 3, Video: /data/DATASETS/FaceForensicsPP/manipulated_sequences/FaceSwap/c23/videos/509_525.mp4.
INFO:root:Face not found. Count: 1, Video: /data/DATASETS/FaceForensicsPP/manipulated_sequences/FaceSwap/c23/videos/020_344.mp4.
INFO:root:Face not found. Count: 1, Video: /data/DATASETS/FaceForensicsPP/manipulated_sequences/FaceSwap/c23/videos/805_011.mp4.
INFO:root:Face not found. Count: 1, Video: /data/DATASETS/FaceForensicsPP/manipulated_sequences/FaceSwap/c23/videos/641_662.mp4.
INFO:root:Face not found. Count: 1, Video: /data/DATASETS/FaceForensicsPP/manipulated_sequences/NeuralTextures/c23/videos/576_155.mp4.
INFO:root:Face not found. Count: 1, Video: /data/DATASETS/FaceForensicsPP/manipulated_sequences/NeuralTextures/c23/videos/175_159.mp4.
INFO:root:Face not found. Count: 2, Video: /data/DATASETS/FaceForensicsPP/manipulated_sequences/NeuralTextures/c23/videos/653_601.mp4.
INFO:root:Face not found. Count: 1, Video: /data/DATASETS/FaceForensicsPP/manipulated_sequences/NeuralTextures/c23/videos/629_618.mp4.
INFO:root:Face not found. Count: 14, Video: /data/DATASETS/FaceForensicsPP/manipulated_sequences/NeuralTextures/c23/videos/603_575.mp4.
INFO:root:Face not found. Count: 3, Video: /data/DATASETS/FaceForensicsPP/manipulated_sequences/NeuralTextures/c23/videos/509_525.mp4.
INFO:root:Face not found. Count: 1, Video: /data/DATASETS/FaceForensicsPP/original_sequences/youtube/c23/videos/788.mp4.
INFO:root:Face not found. Count: 1, Video: /data/DATASETS/FaceForensicsPP/original_sequences/youtube/c23/videos/128.mp4.
INFO:root:Face not found. Count: 3, Video: /data/DATASETS/FaceForensicsPP/original_sequences/youtube/c23/videos/509.mp4.
INFO:root:Face not found. Count: 1, Video: /data/DATASETS/FaceForensicsPP/original_sequences/youtube/c23/videos/653.mp4.
INFO:root:Face not found. Count: 1, Video: /data/DATASETS/FaceForensicsPP/original_sequences/youtube/c23/videos/704.mp4.
INFO:root:Face not found. Count: 1, Video: /data/DATASETS/FaceForensicsPP/original_sequences/youtube/c23/videos/629.mp4.
